Analysis & Synthesis report for Practica7FBD
Thu Nov 10 02:06:49 2022
Quartus Prime Version 21.1.0 Build 842 10/21/2021 SJ Lite Edition


---------------------
; Table of Contents ;
---------------------
  1. Legal Notice
  2. Analysis & Synthesis Summary
  3. Analysis & Synthesis Settings
  4. Parallel Compilation
  5. Analysis & Synthesis Source Files Read
  6. Analysis & Synthesis Resource Usage Summary
  7. Analysis & Synthesis Resource Utilization by Entity
  8. State Machine - |Practica7FBD|pr_state
  9. User-Specified and Inferred Latches
 10. Registers Removed During Synthesis
 11. General Register Statistics
 12. Multiplexer Restructuring Statistics (Restructuring Performed)
 13. Post-Synthesis Netlist Statistics for Top Partition
 14. Elapsed Time Per Partition
 15. Analysis & Synthesis Messages



----------------
; Legal Notice ;
----------------
Copyright (C) 2021  Intel Corporation. All rights reserved.
Your use of Intel Corporation's design tools, logic functions 
and other software and tools, and any partner logic 
functions, and any output files from any of the foregoing 
(including device programming or simulation files), and any 
associated documentation or information are expressly subject 
to the terms and conditions of the Intel Program License 
Subscription Agreement, the Intel Quartus Prime License Agreement,
the Intel FPGA IP License Agreement, or other applicable license
agreement, including, without limitation, that your use is for
the sole purpose of programming logic devices manufactured by
Intel and sold by Intel or its authorized distributors.  Please
refer to the applicable agreement for further details, at
https://fpgasoftware.intel.com/eula.



+----------------------------------------------------------------------------------+
; Analysis & Synthesis Summary                                                     ;
+------------------------------------+---------------------------------------------+
; Analysis & Synthesis Status        ; Successful - Thu Nov 10 02:06:49 2022       ;
; Quartus Prime Version              ; 21.1.0 Build 842 10/21/2021 SJ Lite Edition ;
; Revision Name                      ; Practica7FBD                                ;
; Top-level Entity Name              ; Practica7FBD                                ;
; Family                             ; MAX 10                                      ;
; Total logic elements               ; 46                                          ;
;     Total combinational functions  ; 43                                          ;
;     Dedicated logic registers      ; 27                                          ;
; Total registers                    ; 27                                          ;
; Total pins                         ; 9                                           ;
; Total virtual pins                 ; 0                                           ;
; Total memory bits                  ; 0                                           ;
; Embedded Multiplier 9-bit elements ; 0                                           ;
; Total PLLs                         ; 0                                           ;
; UFM blocks                         ; 0                                           ;
; ADC blocks                         ; 0                                           ;
+------------------------------------+---------------------------------------------+


+------------------------------------------------------------------------------------------------------------+
; Analysis & Synthesis Settings                                                                              ;
+------------------------------------------------------------------+--------------------+--------------------+
; Option                                                           ; Setting            ; Default Value      ;
+------------------------------------------------------------------+--------------------+--------------------+
; Device                                                           ; 10M50DAF484C7G     ;                    ;
; Top-level entity name                                            ; Practica7FBD       ; Practica7FBD       ;
; Family name                                                      ; MAX 10             ; Cyclone V          ;
; Use smart compilation                                            ; Off                ; Off                ;
; Enable parallel Assembler and Timing Analyzer during compilation ; On                 ; On                 ;
; Enable compact report table                                      ; Off                ; Off                ;
; Restructure Multiplexers                                         ; Auto               ; Auto               ;
; Create Debugging Nodes for IP Cores                              ; Off                ; Off                ;
; Preserve fewer node names                                        ; On                 ; On                 ;
; Intel FPGA IP Evaluation Mode                                    ; Enable             ; Enable             ;
; Verilog Version                                                  ; Verilog_2001       ; Verilog_2001       ;
; VHDL Version                                                     ; VHDL_1993          ; VHDL_1993          ;
; State Machine Processing                                         ; Auto               ; Auto               ;
; Safe State Machine                                               ; Off                ; Off                ;
; Extract Verilog State Machines                                   ; On                 ; On                 ;
; Extract VHDL State Machines                                      ; On                 ; On                 ;
; Ignore Verilog initial constructs                                ; Off                ; Off                ;
; Iteration limit for constant Verilog loops                       ; 5000               ; 5000               ;
; Iteration limit for non-constant Verilog loops                   ; 250                ; 250                ;
; Add Pass-Through Logic to Inferred RAMs                          ; On                 ; On                 ;
; Infer RAMs from Raw Logic                                        ; On                 ; On                 ;
; Parallel Synthesis                                               ; On                 ; On                 ;
; DSP Block Balancing                                              ; Auto               ; Auto               ;
; NOT Gate Push-Back                                               ; On                 ; On                 ;
; Power-Up Don't Care                                              ; On                 ; On                 ;
; Remove Redundant Logic Cells                                     ; Off                ; Off                ;
; Remove Duplicate Registers                                       ; On                 ; On                 ;
; Ignore CARRY Buffers                                             ; Off                ; Off                ;
; Ignore CASCADE Buffers                                           ; Off                ; Off                ;
; Ignore GLOBAL Buffers                                            ; Off                ; Off                ;
; Ignore ROW GLOBAL Buffers                                        ; Off                ; Off                ;
; Ignore LCELL Buffers                                             ; Off                ; Off                ;
; Ignore SOFT Buffers                                              ; On                 ; On                 ;
; Limit AHDL Integers to 32 Bits                                   ; Off                ; Off                ;
; Optimization Technique                                           ; Balanced           ; Balanced           ;
; Carry Chain Length                                               ; 70                 ; 70                 ;
; Auto Carry Chains                                                ; On                 ; On                 ;
; Auto Open-Drain Pins                                             ; On                 ; On                 ;
; Perform WYSIWYG Primitive Resynthesis                            ; Off                ; Off                ;
; Auto ROM Replacement                                             ; On                 ; On                 ;
; Auto RAM Replacement                                             ; On                 ; On                 ;
; Auto DSP Block Replacement                                       ; On                 ; On                 ;
; Auto Shift Register Replacement                                  ; Auto               ; Auto               ;
; Allow Shift Register Merging across Hierarchies                  ; Auto               ; Auto               ;
; Auto Clock Enable Replacement                                    ; On                 ; On                 ;
; Strict RAM Replacement                                           ; Off                ; Off                ;
; Allow Synchronous Control Signals                                ; On                 ; On                 ;
; Force Use of Synchronous Clear Signals                           ; Off                ; Off                ;
; Auto RAM Block Balancing                                         ; On                 ; On                 ;
; Auto RAM to Logic Cell Conversion                                ; Off                ; Off                ;
; Auto Resource Sharing                                            ; Off                ; Off                ;
; Allow Any RAM Size For Recognition                               ; Off                ; Off                ;
; Allow Any ROM Size For Recognition                               ; Off                ; Off                ;
; Allow Any Shift Register Size For Recognition                    ; Off                ; Off                ;
; Use LogicLock Constraints during Resource Balancing              ; On                 ; On                 ;
; Ignore translate_off and synthesis_off directives                ; Off                ; Off                ;
; Timing-Driven Synthesis                                          ; On                 ; On                 ;
; Report Parameter Settings                                        ; On                 ; On                 ;
; Report Source Assignments                                        ; On                 ; On                 ;
; Report Connectivity Checks                                       ; On                 ; On                 ;
; Ignore Maximum Fan-Out Assignments                               ; Off                ; Off                ;
; Synchronization Register Chain Length                            ; 2                  ; 2                  ;
; Power Optimization During Synthesis                              ; Normal compilation ; Normal compilation ;
; HDL message level                                                ; Level2             ; Level2             ;
; Suppress Register Optimization Related Messages                  ; Off                ; Off                ;
; Number of Removed Registers Reported in Synthesis Report         ; 5000               ; 5000               ;
; Number of Swept Nodes Reported in Synthesis Report               ; 5000               ; 5000               ;
; Number of Inverted Registers Reported in Synthesis Report        ; 100                ; 100                ;
; Clock MUX Protection                                             ; On                 ; On                 ;
; Auto Gated Clock Conversion                                      ; Off                ; Off                ;
; Block Design Naming                                              ; Auto               ; Auto               ;
; SDC constraint protection                                        ; Off                ; Off                ;
; Synthesis Effort                                                 ; Auto               ; Auto               ;
; Shift Register Replacement - Allow Asynchronous Clear Signal     ; On                 ; On                 ;
; Pre-Mapping Resynthesis Optimization                             ; Off                ; Off                ;
; Analysis & Synthesis Message Level                               ; Medium             ; Medium             ;
; Disable Register Merging Across Hierarchies                      ; Auto               ; Auto               ;
; Resource Aware Inference For Block RAM                           ; On                 ; On                 ;
+------------------------------------------------------------------+--------------------+--------------------+


+------------------------------------------+
; Parallel Compilation                     ;
+----------------------------+-------------+
; Processors                 ; Number      ;
+----------------------------+-------------+
; Number detected on machine ; 12          ;
; Maximum allowed            ; 6           ;
;                            ;             ;
; Average used               ; 1.00        ;
; Maximum used               ; 6           ;
;                            ;             ;
; Usage by Processor         ; % Time Used ;
;     Processor 1            ; 100.0%      ;
;     Processors 2-6         ;   0.0%      ;
+----------------------------+-------------+


+--------------------------------------------------------------------------------------------------------------------------------------------------------------------------------+
; Analysis & Synthesis Source Files Read                                                                                                                                         ;
+----------------------------------+-----------------+-----------------+-----------------------------------------------------------------------------------------------+---------+
; File Name with User-Entered Path ; Used in Netlist ; File Type       ; File Name with Absolute Path                                                                  ; Library ;
+----------------------------------+-----------------+-----------------+-----------------------------------------------------------------------------------------------+---------+
; Practica7FBD.vhd                 ; yes             ; User VHDL File  ; C:/Users/danie/Desktop/programas de quartus/Practica 7/Practica 7 Entregable/Practica7FBD.vhd ;         ;
; Divisor.vhd                      ; yes             ; User VHDL File  ; C:/Users/danie/Desktop/programas de quartus/Practica 7/Practica 7 Entregable/Divisor.vhd      ;         ;
+----------------------------------+-----------------+-----------------+-----------------------------------------------------------------------------------------------+---------+


+---------------------------------------------------------+
; Analysis & Synthesis Resource Usage Summary             ;
+---------------------------------------------+-----------+
; Resource                                    ; Usage     ;
+---------------------------------------------+-----------+
; Estimated Total logic elements              ; 46        ;
;                                             ;           ;
; Total combinational functions               ; 43        ;
; Logic element usage by number of LUT inputs ;           ;
;     -- 4 input functions                    ; 12        ;
;     -- 3 input functions                    ; 13        ;
;     -- <=2 input functions                  ; 18        ;
;                                             ;           ;
; Logic elements by mode                      ;           ;
;     -- normal mode                          ; 27        ;
;     -- arithmetic mode                      ; 16        ;
;                                             ;           ;
; Total registers                             ; 27        ;
;     -- Dedicated logic registers            ; 27        ;
;     -- I/O registers                        ; 0         ;
;                                             ;           ;
; I/O pins                                    ; 9         ;
;                                             ;           ;
; Embedded Multiplier 9-bit elements          ; 0         ;
;                                             ;           ;
; Maximum fan-out node                        ; clk~input ;
; Maximum fan-out                             ; 18        ;
; Total fan-out                               ; 206       ;
; Average fan-out                             ; 2.34      ;
+---------------------------------------------+-----------+


+------------------------------------------------------------------------------------------------------------------------------------------------------------------------------------------------------------------------------------------+
; Analysis & Synthesis Resource Utilization by Entity                                                                                                                                                                                      ;
+----------------------------+---------------------+---------------------------+-------------+------------+--------------+---------+-----------+------+--------------+------------+--------------------------+--------------+--------------+
; Compilation Hierarchy Node ; Combinational ALUTs ; Dedicated Logic Registers ; Memory Bits ; UFM Blocks ; DSP Elements ; DSP 9x9 ; DSP 18x18 ; Pins ; Virtual Pins ; ADC blocks ; Full Hierarchy Name      ; Entity Name  ; Library Name ;
+----------------------------+---------------------+---------------------------+-------------+------------+--------------+---------+-----------+------+--------------+------------+--------------------------+--------------+--------------+
; |Practica7FBD              ; 43 (25)             ; 27 (9)                    ; 0           ; 0          ; 0            ; 0       ; 0         ; 9    ; 0            ; 0          ; |Practica7FBD            ; Practica7FBD ; work         ;
;    |Divisor:U1|            ; 18 (18)             ; 18 (18)                   ; 0           ; 0          ; 0            ; 0       ; 0         ; 0    ; 0            ; 0          ; |Practica7FBD|Divisor:U1 ; Divisor      ; work         ;
+----------------------------+---------------------+---------------------------+-------------+------------+--------------+---------+-----------+------+--------------+------------+--------------------------+--------------+--------------+
Note: For table entries with two numbers listed, the numbers in parentheses indicate the number of resources of the given type used by the specific entity alone. The numbers listed outside of parentheses indicate the total resources of the given type used by the specific entity and all of its sub-entities in the hierarchy.


Encoding Type:  One-Hot
+---------------------------------------------------------------------------------------------------------------------------------------------------------------------+
; State Machine - |Practica7FBD|pr_state                                                                                                                              ;
+-----------------+----------------+---------------+----------------+-----------------+---------------+--------------+--------------+---------------+-----------------+
; Name            ; pr_state.siete ; pr_state.seis ; pr_state.cinco ; pr_state.cuatro ; pr_state.tres ; pr_state.dos ; pr_state.uno ; pr_state.cero ; pr_state.inicia ;
+-----------------+----------------+---------------+----------------+-----------------+---------------+--------------+--------------+---------------+-----------------+
; pr_state.inicia ; 0              ; 0             ; 0              ; 0               ; 0             ; 0            ; 0            ; 0             ; 0               ;
; pr_state.cero   ; 0              ; 0             ; 0              ; 0               ; 0             ; 0            ; 0            ; 1             ; 1               ;
; pr_state.uno    ; 0              ; 0             ; 0              ; 0               ; 0             ; 0            ; 1            ; 0             ; 1               ;
; pr_state.dos    ; 0              ; 0             ; 0              ; 0               ; 0             ; 1            ; 0            ; 0             ; 1               ;
; pr_state.tres   ; 0              ; 0             ; 0              ; 0               ; 1             ; 0            ; 0            ; 0             ; 1               ;
; pr_state.cuatro ; 0              ; 0             ; 0              ; 1               ; 0             ; 0            ; 0            ; 0             ; 1               ;
; pr_state.cinco  ; 0              ; 0             ; 1              ; 0               ; 0             ; 0            ; 0            ; 0             ; 1               ;
; pr_state.seis   ; 0              ; 1             ; 0              ; 0               ; 0             ; 0            ; 0            ; 0             ; 1               ;
; pr_state.siete  ; 1              ; 0             ; 0              ; 0               ; 0             ; 0            ; 0            ; 0             ; 1               ;
+-----------------+----------------+---------------+----------------+-----------------+---------------+--------------+--------------+---------------+-----------------+


+---------------------------------------------------------------------------------------------------+
; User-Specified and Inferred Latches                                                               ;
+----------------------------------------------------+---------------------+------------------------+
; Latch Name                                         ; Latch Enable Signal ; Free of Timing Hazards ;
+----------------------------------------------------+---------------------+------------------------+
; dato_motor[0]$latch                                ; dato_motor[0]       ; yes                    ;
; dato_motor[1]$latch                                ; dato_motor[0]       ; yes                    ;
; dato_motor[2]$latch                                ; dato_motor[0]       ; yes                    ;
; dato_motor[3]$latch                                ; dato_motor[0]       ; yes                    ;
; Number of user-specified and inferred latches = 4  ;                     ;                        ;
+----------------------------------------------------+---------------------+------------------------+
Note: All latches listed above may not be present at the end of synthesis due to various synthesis optimizations.


+-------------------------------------------------------------+
; Registers Removed During Synthesis                          ;
+----------------------------------------+--------------------+
; Register name                          ; Reason for Removal ;
+----------------------------------------+--------------------+
; Divisor:U1|cuenta[18..27]              ; Lost fanout        ;
; Total Number of Removed Registers = 10 ;                    ;
+----------------------------------------+--------------------+


+------------------------------------------------------+
; General Register Statistics                          ;
+----------------------------------------------+-------+
; Statistic                                    ; Value ;
+----------------------------------------------+-------+
; Total registers                              ; 27    ;
; Number of registers using Synchronous Clear  ; 0     ;
; Number of registers using Synchronous Load   ; 0     ;
; Number of registers using Asynchronous Clear ; 9     ;
; Number of registers using Asynchronous Load  ; 0     ;
; Number of registers using Clock Enable       ; 9     ;
; Number of registers using Preset             ; 0     ;
+----------------------------------------------+-------+


+---------------------------------------------------------------------------------------------------------------------------------------------+
; Multiplexer Restructuring Statistics (Restructuring Performed)                                                                              ;
+--------------------+-----------+---------------+----------------------+------------------------+------------+-------------------------------+
; Multiplexer Inputs ; Bus Width ; Baseline Area ; Area if Restructured ; Saving if Restructured ; Registered ; Example Multiplexer Output    ;
+--------------------+-----------+---------------+----------------------+------------------------+------------+-------------------------------+
; 3:1                ; 4 bits    ; 8 LEs         ; 8 LEs                ; 0 LEs                  ; No         ; |Practica7FBD|nx_state.cuatro ;
; 3:1                ; 4 bits    ; 8 LEs         ; 8 LEs                ; 0 LEs                  ; No         ; |Practica7FBD|dato_motor[0]   ;
+--------------------+-----------+---------------+----------------------+------------------------+------------+-------------------------------+


+-----------------------------------------------------+
; Post-Synthesis Netlist Statistics for Top Partition ;
+-----------------------+-----------------------------+
; Type                  ; Count                       ;
+-----------------------+-----------------------------+
; boundary_port         ; 9                           ;
; cycloneiii_ff         ; 27                          ;
;     ENA CLR           ; 9                           ;
;     plain             ; 18                          ;
; cycloneiii_lcell_comb ; 43                          ;
;     arith             ; 16                          ;
;         2 data inputs ; 15                          ;
;         3 data inputs ; 1                           ;
;     normal            ; 27                          ;
;         1 data inputs ; 2                           ;
;         2 data inputs ; 1                           ;
;         3 data inputs ; 12                          ;
;         4 data inputs ; 12                          ;
;                       ;                             ;
; Max LUT depth         ; 3.00                        ;
; Average LUT depth     ; 2.14                        ;
+-----------------------+-----------------------------+


+-------------------------------+
; Elapsed Time Per Partition    ;
+----------------+--------------+
; Partition Name ; Elapsed Time ;
+----------------+--------------+
; Top            ; 00:00:01     ;
+----------------+--------------+


+-------------------------------+
; Analysis & Synthesis Messages ;
+-------------------------------+
Info: *******************************************************************
Info: Running Quartus Prime Analysis & Synthesis
    Info: Version 21.1.0 Build 842 10/21/2021 SJ Lite Edition
    Info: Processing started: Thu Nov 10 02:06:38 2022
Info: Command: quartus_map --read_settings_files=on --write_settings_files=off Practica7FBD -c Practica7FBD
Warning (18236): Number of processors has not been specified which may cause overloading on shared machines.  Set the global assignment NUM_PARALLEL_PROCESSORS in your QSF to an appropriate value for best performance.
Info (20030): Parallel compilation is enabled and will use 6 of the 6 processors detected
Info (12021): Found 2 design units, including 1 entities, in source file practica7fbd.vhd
    Info (12022): Found design unit 1: Practica7FBD-Behavioral File: C:/Users/danie/Desktop/programas de quartus/Practica 7/Practica 7 Entregable/Practica7FBD.vhd Line: 15
    Info (12023): Found entity 1: Practica7FBD File: C:/Users/danie/Desktop/programas de quartus/Practica 7/Practica 7 Entregable/Practica7FBD.vhd Line: 7
Info (12021): Found 2 design units, including 1 entities, in source file divisor.vhd
    Info (12022): Found design unit 1: Divisor-Behavioral File: C:/Users/danie/Desktop/programas de quartus/Practica 7/Practica 7 Entregable/Divisor.vhd Line: 11
    Info (12023): Found entity 1: Divisor File: C:/Users/danie/Desktop/programas de quartus/Practica 7/Practica 7 Entregable/Divisor.vhd Line: 6
Info (12127): Elaborating entity "Practica7FBD" for the top level hierarchy
Warning (10492): VHDL Process Statement warning at Practica7FBD.vhd(42): signal "Selector" is read inside the Process Statement but isn't in the Process Statement's sensitivity list File: C:/Users/danie/Desktop/programas de quartus/Practica 7/Practica 7 Entregable/Practica7FBD.vhd Line: 42
Warning (10492): VHDL Process Statement warning at Practica7FBD.vhd(159): signal "Selector" is read inside the Process Statement but isn't in the Process Statement's sensitivity list File: C:/Users/danie/Desktop/programas de quartus/Practica 7/Practica 7 Entregable/Practica7FBD.vhd Line: 159
Warning (10492): VHDL Process Statement warning at Practica7FBD.vhd(170): signal "Selector" is read inside the Process Statement but isn't in the Process Statement's sensitivity list File: C:/Users/danie/Desktop/programas de quartus/Practica 7/Practica 7 Entregable/Practica7FBD.vhd Line: 170
Warning (10492): VHDL Process Statement warning at Practica7FBD.vhd(181): signal "Selector" is read inside the Process Statement but isn't in the Process Statement's sensitivity list File: C:/Users/danie/Desktop/programas de quartus/Practica 7/Practica 7 Entregable/Practica7FBD.vhd Line: 181
Warning (10631): VHDL Process Statement warning at Practica7FBD.vhd(157): inferring latch(es) for signal or variable "dato_motor", which holds its previous value in one or more paths through the process File: C:/Users/danie/Desktop/programas de quartus/Practica 7/Practica 7 Entregable/Practica7FBD.vhd Line: 157
Info (10041): Inferred latch for "dato_motor[0]" at Practica7FBD.vhd(157) File: C:/Users/danie/Desktop/programas de quartus/Practica 7/Practica 7 Entregable/Practica7FBD.vhd Line: 157
Info (10041): Inferred latch for "dato_motor[1]" at Practica7FBD.vhd(157) File: C:/Users/danie/Desktop/programas de quartus/Practica 7/Practica 7 Entregable/Practica7FBD.vhd Line: 157
Info (10041): Inferred latch for "dato_motor[2]" at Practica7FBD.vhd(157) File: C:/Users/danie/Desktop/programas de quartus/Practica 7/Practica 7 Entregable/Practica7FBD.vhd Line: 157
Info (10041): Inferred latch for "dato_motor[3]" at Practica7FBD.vhd(157) File: C:/Users/danie/Desktop/programas de quartus/Practica 7/Practica 7 Entregable/Practica7FBD.vhd Line: 157
Info (12128): Elaborating entity "Divisor" for hierarchy "Divisor:U1" File: C:/Users/danie/Desktop/programas de quartus/Practica 7/Practica 7 Entregable/Practica7FBD.vhd Line: 30
Warning (13012): Latch dato_motor[0]$latch has unsafe behavior File: C:/Users/danie/Desktop/programas de quartus/Practica 7/Practica 7 Entregable/Practica7FBD.vhd Line: 157
    Warning (13013): Ports D and ENA on the latch are fed by the same signal Selector[1] File: C:/Users/danie/Desktop/programas de quartus/Practica 7/Practica 7 Entregable/Practica7FBD.vhd Line: 11
Warning (13012): Latch dato_motor[1]$latch has unsafe behavior File: C:/Users/danie/Desktop/programas de quartus/Practica 7/Practica 7 Entregable/Practica7FBD.vhd Line: 157
    Warning (13013): Ports D and ENA on the latch are fed by the same signal Selector[1] File: C:/Users/danie/Desktop/programas de quartus/Practica 7/Practica 7 Entregable/Practica7FBD.vhd Line: 11
Warning (13012): Latch dato_motor[2]$latch has unsafe behavior File: C:/Users/danie/Desktop/programas de quartus/Practica 7/Practica 7 Entregable/Practica7FBD.vhd Line: 157
    Warning (13013): Ports D and ENA on the latch are fed by the same signal Selector[1] File: C:/Users/danie/Desktop/programas de quartus/Practica 7/Practica 7 Entregable/Practica7FBD.vhd Line: 11
Warning (13012): Latch dato_motor[3]$latch has unsafe behavior File: C:/Users/danie/Desktop/programas de quartus/Practica 7/Practica 7 Entregable/Practica7FBD.vhd Line: 157
    Warning (13013): Ports D and ENA on the latch are fed by the same signal Selector[1] File: C:/Users/danie/Desktop/programas de quartus/Practica 7/Practica 7 Entregable/Practica7FBD.vhd Line: 11
Info (286030): Timing-Driven Synthesis is running
Info (17049): 10 registers lost all their fanouts during netlist optimizations.
Info (16010): Generating hard_block partition "hard_block:auto_generated_inst"
    Info (16011): Adding 0 node(s), including 0 DDIO, 0 PLL, 0 transceiver and 0 LCELL
Info (21057): Implemented 55 device resources after synthesis - the final resource count might be different
    Info (21058): Implemented 5 input pins
    Info (21059): Implemented 4 output pins
    Info (21061): Implemented 46 logic cells
Info: Quartus Prime Analysis & Synthesis was successful. 0 errors, 14 warnings
    Info: Peak virtual memory: 4850 megabytes
    Info: Processing ended: Thu Nov 10 02:06:49 2022
    Info: Elapsed time: 00:00:11
    Info: Total CPU time (on all processors): 00:00:23


